<?xml version="1.0" encoding="UTF-8"?>
<!-- Generated by org.testng.reporters.JUnitReportReporter -->
<testsuite hostname="DESKTOP-UMN4FRD" failures="0" tests="10" name="runner.TestRunner" time="10.292" errors="0" timestamp="2022-08-16T09:49:29 IST" skipped="0">
  <testcase classname="runner.TestRunner" name="runScenario" time="0.342"/>
  <system-out/>
  <testcase classname="runner.TestRunner" name="runScenario" time="0.743"/>
  <system-out/>
  <testcase classname="runner.TestRunner" name="runScenario" time="0.329"/>
  <system-out/>
  <testcase classname="runner.TestRunner" name="runScenario" time="2.206"/>
  <system-out/>
  <testcase classname="runner.TestRunner" name="runScenario" time="0.251"/>
  <system-out/>
  <testcase classname="runner.TestRunner" name="runScenario" time="0.297"/>
  <system-out/>
  <testcase classname="runner.TestRunner" name="runScenario" time="0.370"/>
  <system-out/>
  <testcase classname="runner.TestRunner" name="runScenario" time="0.259"/>
  <system-out/>
  <testcase classname="runner.TestRunner" name="runScenario" time="4.964"/>
  <system-out/>
  <testcase classname="runner.TestRunner" name="runScenario" time="0.531"/>
  <system-out/>
</testsuite> <!-- runner.TestRunner -->
